[0mGET / [32m200[0m 68.192 ms - 7759[0m
[0mGET /js/home_post_comments.js [32m200[0m 1.770 ms - 3712[0m
[0mGET /js/home_posts.js [32m200[0m 1.536 ms - 4923[0m
[0mGET /js/toggle_likes.js [32m200[0m 1.394 ms - 1156[0m
[0mGET /js/chat_engine.js [32m200[0m 0.955 ms - 1686[0m
[0mGET /favicon.ico [33m404[0m 12.283 ms - 150[0m
[0mGET /users/profile/63001477f91b53ac43935fb1 [36m302[0m 10.152 ms - 72[0m
[0mGET /users/sign-in [32m200[0m 13.758 ms - 2164[0m
[0mGET /css/layout.css [32m200[0m 2.175 ms - 92[0m
[0mGET /css/header.css [32m200[0m 1.410 ms - 496[0m
[0mGET /css/footer.css [32m200[0m 1.458 ms - 250[0m
[0mGET / [32m200[0m 68.089 ms - 7759[0m
[0mGET /js/home_post_comments.js [32m200[0m 2.313 ms - 3712[0m
[0mGET /js/home_posts.js [32m200[0m 2.229 ms - 4923[0m
[0mGET /js/toggle_likes.js [32m200[0m 1.039 ms - 1156[0m
[0mGET /js/chat_engine.js [32m200[0m 0.951 ms - 1686[0m
[0mGET /favicon.ico [33m404[0m 5.092 ms - 150[0m
[0mGET /users/sign-in [32m200[0m 15.877 ms - 2164[0m
[0mGET /css/layout.css [32m200[0m 1.810 ms - 92[0m
[0mGET /css/header.css [32m200[0m 0.959 ms - 496[0m
[0mGET /css/footer.css [32m200[0m 0.528 ms - 250[0m
[0mPOST /users/create-session [36m302[0m 13.996 ms - 72[0m
[0mGET /users/sign-in [32m200[0m 4.559 ms - 2425[0m
[0mGET /css/layout.css [36m304[0m 1.089 ms - -[0m
[0mGET /css/header.css [36m304[0m 0.444 ms - -[0m
[0mGET /css/footer.css [36m304[0m 0.529 ms - -[0m
[0mGET /users/sign-up [32m200[0m 11.593 ms - 2249[0m
[0mGET /css/layout.css [36m304[0m 0.470 ms - -[0m
[0mGET /css/header.css [36m304[0m 0.476 ms - -[0m
[0mGET /css/footer.css [36m304[0m 1.139 ms - -[0m
[0mPOST /users/create [36m302[0m 12.082 ms - 114[0m
[0mGET /users/sign-up [36m304[0m 6.307 ms - -[0m
[0mGET /css/layout.css [36m304[0m 0.637 ms - -[0m
[0mGET /css/header.css [36m304[0m 0.271 ms - -[0m
[0mGET /css/footer.css [36m304[0m 0.565 ms - -[0m
[0mGET /users/sign-in [32m200[0m 11.761 ms - 2164[0m
[0mGET /css/layout.css [36m304[0m 0.431 ms - -[0m
[0mGET /css/header.css [36m304[0m 0.665 ms - -[0m
[0mGET /css/footer.css [36m304[0m 0.214 ms - -[0m
[0mPOST /users/create-session [36m302[0m 15.795 ms - 46[0m
[0mGET / [32m200[0m 41.690 ms - 11612[0m
[0mGET /css/layout.css [36m304[0m 0.277 ms - -[0m
[0mGET /css/home.css [32m200[0m 0.668 ms - 425[0m
[0mGET /css/chat_box.css [32m200[0m 0.792 ms - 1299[0m
[0mGET /js/home_post_comments.js [36m304[0m 0.254 ms - -[0m
[0mGET /js/toggle_likes.js [36m304[0m 0.628 ms - -[0m
[0mGET /js/chat_engine.js [36m304[0m 0.541 ms - -[0m
[0mGET /js/home_posts.js [36m304[0m 0.497 ms - -[0m
[0mGET /css/header.css [36m304[0m 0.518 ms - -[0m
[0mGET /css/footer.css [36m304[0m 0.849 ms - -[0m
[0mGET / [32m200[0m 31.477 ms - 11263[0m
[0mGET /css/layout.css [36m304[0m 0.229 ms - -[0m
[0mGET /css/header.css [36m304[0m 0.187 ms - -[0m
[0mGET /css/footer.css [36m304[0m 0.134 ms - -[0m
[0mGET /css/home.css [36m304[0m 0.167 ms - -[0m
[0mGET /css/chat_box.css [36m304[0m 0.306 ms - -[0m
[0mGET /js/home_post_comments.js [36m304[0m 0.864 ms - -[0m
[0mGET /js/home_posts.js [36m304[0m 0.534 ms - -[0m
[0mGET /js/toggle_likes.js [36m304[0m 0.527 ms - -[0m
[0mGET /js/chat_engine.js [36m304[0m 0.517 ms - -[0m
[0mGET /users/sign-out [36m302[0m 17.597 ms - 46[0m
[0mGET / [32m200[0m 20.814 ms - 8110[0m
[0mGET /css/layout.css [36m304[0m 0.218 ms - -[0m
[0mGET /js/home_post_comments.js [36m304[0m 0.452 ms - -[0m
[0mGET /js/home_posts.js [36m304[0m 0.577 ms - -[0m
[0mGET /css/header.css [36m304[0m 0.748 ms - -[0m
[0mGET /css/footer.css [36m304[0m 0.939 ms - -[0m
[0mGET /css/chat_box.css [36m304[0m 1.079 ms - -[0m
[0mGET /css/home.css [36m304[0m 0.581 ms - -[0m
[0mGET /js/toggle_likes.js [36m304[0m 0.254 ms - -[0m
[0mGET /js/chat_engine.js [36m304[0m 0.241 ms - -[0m
[0mGET /users/sign-in [36m304[0m 11.101 ms - -[0m
[0mGET /css/layout.css [36m304[0m 0.662 ms - -[0m
[0mGET /css/header.css [36m304[0m 0.422 ms - -[0m
[0mGET /css/footer.css [36m304[0m 0.372 ms - -[0m
[0mPOST /users/create-session [36m302[0m 10.558 ms - 46[0m
[0mGET / [32m200[0m 39.381 ms - 11223[0m
[0mGET /css/layout.css [36m304[0m 0.521 ms - -[0m
[0mGET /js/home_post_comments.js [36m304[0m 1.595 ms - -[0m
[0mGET /js/home_posts.js [36m304[0m 0.752 ms - -[0m
[0mGET /css/header.css [36m304[0m 0.927 ms - -[0m
[0mGET /css/footer.css [36m304[0m 0.971 ms - -[0m
[0mGET /css/home.css [36m304[0m 0.951 ms - -[0m
[0mGET /css/chat_box.css [36m304[0m 1.367 ms - -[0m
[0mGET /js/toggle_likes.js [36m304[0m 0.456 ms - -[0m
[0mGET /js/chat_engine.js [36m304[0m 0.367 ms - -[0m
[0mGET /users/profile/63001477f91b53ac43935fb1 [32m200[0m 17.626 ms - 2135[0m
[0mGET /css/layout.css [36m304[0m 0.158 ms - -[0m
[0mGET /css/footer.css [36m304[0m 0.189 ms - -[0m
[0mGET /css/header.css [36m304[0m 0.247 ms - -[0m
[0mGET /users/profile/js/friends.js') [33m404[0m 3.652 ms - 172[0m
[0mGET / [32m200[0m 24.332 ms - 10874[0m
[0mGET /css/layout.css [36m304[0m 0.253 ms - -[0m
[0mGET /js/home_post_comments.js [36m304[0m 0.851 ms - -[0m
[0mGET /js/home_posts.js [36m304[0m 0.558 ms - -[0m
[0mGET /css/header.css [36m304[0m 0.909 ms - -[0m
[0mGET /css/footer.css [36m304[0m 0.970 ms - -[0m
[0mGET /css/home.css [36m304[0m 0.983 ms - -[0m
[0mGET /css/chat_box.css [36m304[0m 1.255 ms - -[0m
[0mGET /js/toggle_likes.js [36m304[0m 1.207 ms - -[0m
[0mGET /js/chat_engine.js [36m304[0m 0.238 ms - -[0m
[0mGET /users/profile/639b95ab61dd13df50c4820c [32m200[0m 18.253 ms - 2121[0m
[0mGET /css/layout.css [36m304[0m 0.246 ms - -[0m
[0mGET /css/header.css [36m304[0m 0.770 ms - -[0m
[0mGET /css/footer.css [36m304[0m 1.185 ms - -[0m
[0mGET /css/user_profile.css [32m200[0m 1.821 ms - 40[0m
[0mGET /users/profile/js/friends.js') [33m404[0m 4.266 ms - 172[0m
[0mGET /friends/add-friend/639b95ab61dd13df50c4820c [33m404[0m 10.739 ms - 182[0m
[0mGET /users/profile/639b95ab61dd13df50c4820c [36m304[0m 12.281 ms - -[0m
[0mGET /css/layout.css [36m304[0m 0.239 ms - -[0m
[0mGET /css/footer.css [36m304[0m 0.475 ms - -[0m
[0mGET /css/header.css [36m304[0m 1.331 ms - -[0m
[0mGET /css/user_profile.css [36m304[0m 0.264 ms - -[0m
[0mGET /users/profile/js/friends.js') [33m404[0m 6.497 ms - 172[0m
[0mGET / [36m304[0m 27.372 ms - -[0m
[0mGET /css/layout.css [36m304[0m 0.281 ms - -[0m
[0mGET /css/header.css [36m304[0m 0.411 ms - -[0m
[0mGET /css/chat_box.css [36m304[0m 0.412 ms - -[0m
[0mGET /css/footer.css [36m304[0m 0.277 ms - -[0m
[0mGET /css/home.css [36m304[0m 0.406 ms - -[0m
[0mGET /js/home_post_comments.js [36m304[0m 0.348 ms - -[0m
[0mGET /js/toggle_likes.js [36m304[0m 0.439 ms - -[0m
[0mGET /js/home_posts.js [36m304[0m 0.201 ms - -[0m
[0mGET /js/chat_engine.js [36m304[0m 0.091 ms - -[0m
[0mGET / [36m304[0m 61.690 ms - -[0m
[0mGET /js/home_posts.js [36m304[0m 1.649 ms - -[0m
[0mGET /js/home_post_comments.js [36m304[0m 0.415 ms - -[0m
[0mGET /js/toggle_likes.js [36m304[0m 0.351 ms - -[0m
[0mGET /js/chat_engine.js [36m304[0m 0.606 ms - -[0m
[0mGET / [36m304[0m 44.688 ms - -[0m
[0mGET /css/layout.css [32m200[0m 1.984 ms - 92[0m
[0mGET /css/header.css [32m200[0m 2.037 ms - 496[0m
[0mGET /js/home_post_comments.js [36m304[0m 1.318 ms - -[0m
[0mGET /js/home_posts.js [36m304[0m 1.387 ms - -[0m
[0mGET /css/home.css [32m200[0m 3.237 ms - 425[0m
[0mGET /css/footer.css [32m200[0m 3.110 ms - 250[0m
[0mGET /css/chat_box.css [32m200[0m 3.269 ms - 1299[0m
[0mGET /js/toggle_likes.js [36m304[0m 0.413 ms - -[0m
[0mGET /js/chat_engine.js [36m304[0m 0.219 ms - -[0m
[0mGET /users/profile [33m404[0m 18.508 ms - 152[0m
[0mGET / [36m304[0m 36.427 ms - -[0m
[0mGET /css/layout.css [36m304[0m 0.335 ms - -[0m
[0mGET /css/header.css [36m304[0m 3.050 ms - -[0m
[0mGET /css/chat_box.css [36m304[0m 2.372 ms - -[0m
[0mGET /js/home_post_comments.js [36m304[0m 1.873 ms - -[0m
[0mGET /js/home_posts.js [36m304[0m 0.559 ms - -[0m
[0mGET /js/toggle_likes.js [36m304[0m 1.171 ms - -[0m
[0mGET /js/chat_engine.js [36m304[0m 1.206 ms - -[0m
[0mGET /css/footer.css [36m304[0m 1.077 ms - -[0m
[0mGET /css/home.css [36m304[0m 1.866 ms - -[0m
[0mGET /users/sign-out [36m302[0m 18.945 ms - 46[0m
[0mGET / [32m200[0m 19.362 ms - 8110[0m
[0mGET /css/layout.css [36m304[0m 0.189 ms - -[0m
[0mGET /css/header.css [36m304[0m 0.215 ms - -[0m
[0mGET /css/footer.css [36m304[0m 0.787 ms - -[0m
[0mGET /js/home_post_comments.js [36m304[0m 0.368 ms - -[0m
[0mGET /js/home_posts.js [36m304[0m 1.166 ms - -[0m
[0mGET /css/home.css [36m304[0m 0.508 ms - -[0m
[0mGET /css/chat_box.css [36m304[0m 0.606 ms - -[0m
[0mGET /js/toggle_likes.js [36m304[0m 0.567 ms - -[0m
[0mGET /js/chat_engine.js [36m304[0m 0.135 ms - -[0m
[0mGET /users/profile/63001477f91b53ac43935fb1 [36m302[0m 10.990 ms - 72[0m
[0mGET /users/sign-in [36m304[0m 11.259 ms - -[0m
[0mGET /css/layout.css [36m304[0m 0.705 ms - -[0m
[0mGET /css/header.css [36m304[0m 0.968 ms - -[0m
[0mGET /css/footer.css [36m304[0m 1.959 ms - -[0m
[0mPOST /users/create-session [36m302[0m 3.720 ms - 46[0m
[0mGET / [32m200[0m 10.387 ms - 11612[0m
[0mGET /css/layout.css [36m304[0m 0.154 ms - -[0m
[0mGET /css/header.css [36m304[0m 0.635 ms - -[0m
[0mGET /js/home_posts.js [36m304[0m 0.271 ms - -[0m
[0mGET /js/home_post_comments.js [36m304[0m 1.110 ms - -[0m
[0mGET /css/footer.css [36m304[0m 0.434 ms - -[0m
[0mGET /js/toggle_likes.js [36m304[0m 1.144 ms - -[0m
[0mGET /css/chat_box.css [36m304[0m 0.598 ms - -[0m
[0mGET /css/home.css [36m304[0m 0.408 ms - -[0m
[0mGET /js/chat_engine.js [36m304[0m 0.179 ms - -[0m
[0mGET / [32m200[0m 29.276 ms - 11263[0m
[0mGET /css/layout.css [36m304[0m 0.379 ms - -[0m
[0mGET /js/home_post_comments.js [36m304[0m 0.838 ms - -[0m
[0mGET /css/header.css [36m304[0m 1.710 ms - -[0m
[0mGET /css/footer.css [36m304[0m 1.736 ms - -[0m
[0mGET /js/home_posts.js [36m304[0m 1.745 ms - -[0m
[0mGET /js/toggle_likes.js [36m304[0m 1.082 ms - -[0m
[0mGET /css/home.css [36m304[0m 1.274 ms - -[0m
[0mGET /css/chat_box.css [36m304[0m 1.284 ms - -[0m
[0mGET /js/chat_engine.js [36m304[0m 0.829 ms - -[0m
[0mGET /users/sign-out [36m302[0m 17.082 ms - 46[0m
[0mGET / [32m200[0m 17.058 ms - 8110[0m
[0mGET /css/layout.css [36m304[0m 0.303 ms - -[0m
[0mGET /js/home_post_comments.js [36m304[0m 0.426 ms - -[0m
[0mGET /css/footer.css [36m304[0m 0.547 ms - -[0m
[0mGET /css/home.css [36m304[0m 0.894 ms - -[0m
[0mGET /css/header.css [36m304[0m 1.579 ms - -[0m
[0mGET /js/home_posts.js [36m304[0m 1.915 ms - -[0m
[0mGET /js/toggle_likes.js [36m304[0m 1.484 ms - -[0m
[0mGET /js/chat_engine.js [36m304[0m 0.548 ms - -[0m
[0mGET /css/chat_box.css [36m304[0m 0.184 ms - -[0m
[0mGET /users/sign-in [36m304[0m 11.265 ms - -[0m
[0mGET /css/layout.css [36m304[0m 0.314 ms - -[0m
[0mGET /css/header.css [36m304[0m 0.321 ms - -[0m
[0mGET /css/footer.css [36m304[0m 0.909 ms - -[0m
[0mPOST /users/create-session [36m302[0m 12.354 ms - 46[0m
[0mGET / [32m200[0m 51.821 ms - 11223[0m
[0mGET /css/layout.css [36m304[0m 0.218 ms - -[0m
[0mGET /js/home_post_comments.js [36m304[0m 0.299 ms - -[0m
[0mGET /js/home_posts.js [36m304[0m 0.481 ms - -[0m
[0mGET /css/header.css [36m304[0m 0.303 ms - -[0m
[0mGET /css/chat_box.css [36m304[0m 0.353 ms - -[0m
[0mGET /css/footer.css [36m304[0m 0.378 ms - -[0m
[0mGET /js/toggle_likes.js [36m304[0m 0.411 ms - -[0m
[0mGET /js/chat_engine.js [36m304[0m 0.401 ms - -[0m
[0mGET /css/home.css [36m304[0m 0.397 ms - -[0m
[0mGET / [31m500[0m 10.191 ms - 1532[0m
[0mGET / [32m200[0m 64.522 ms - 7759[0m
[0mGET /js/home_post_comments.js [36m304[0m 1.531 ms - -[0m
[0mGET /js/home_posts.js [36m304[0m 0.451 ms - -[0m
[0mGET /js/toggle_likes.js [36m304[0m 0.502 ms - -[0m
[0mGET /js/chat_engine.js [36m304[0m 1.072 ms - -[0m
[0mGET / [36m304[0m 51.721 ms - -[0m
[0mGET /js/home_post_comments.js [36m304[0m 0.812 ms - -[0m
[0mGET /js/home_posts.js [36m304[0m 0.358 ms - -[0m
[0mGET /js/toggle_likes.js [36m304[0m 0.321 ms - -[0m
[0mGET /js/chat_engine.js [36m304[0m 0.700 ms - -[0m
[0mGET / [36m304[0m 64.118 ms - -[0m
[0mGET /js/home_post_comments.js [36m304[0m 0.916 ms - -[0m
[0mGET /js/home_posts.js [36m304[0m 0.409 ms - -[0m
[0mGET /js/toggle_likes.js [36m304[0m 0.500 ms - -[0m
[0mGET /js/chat_engine.js [36m304[0m 0.369 ms - -[0m
[0mGET / [36m304[0m 58.456 ms - -[0m
[0mGET /js/home_post_comments.js [36m304[0m 0.728 ms - -[0m
[0mGET /js/home_posts.js [36m304[0m 0.293 ms - -[0m
[0mGET /js/toggle_likes.js [36m304[0m 0.883 ms - -[0m
[0mGET /js/chat_engine.js [36m304[0m 0.642 ms - -[0m
[0mGET / [36m304[0m 65.527 ms - -[0m
[0mGET /js/home_posts.js [36m304[0m 1.304 ms - -[0m
[0mGET /js/home_post_comments.js [36m304[0m 0.879 ms - -[0m
[0mGET /js/toggle_likes.js [36m304[0m 0.324 ms - -[0m
[0mGET /js/chat_engine.js [36m304[0m 0.372 ms - -[0m
[0mGET / [36m304[0m 49.135 ms - -[0m
[0mGET /css/layout.css [32m200[0m 1.059 ms - 92[0m
[0mGET /js/home_post_comments.js [36m304[0m 0.643 ms - -[0m
[0mGET /css/header.css [32m200[0m 2.587 ms - 496[0m
[0mGET /js/home_posts.js [36m304[0m 1.034 ms - -[0m
[0mGET /css/footer.css [32m200[0m 3.070 ms - 250[0m
[0mGET /css/home.css [32m200[0m 3.365 ms - 425[0m
[0mGET /css/chat_box.css [32m200[0m 3.610 ms - 1299[0m
[0mGET /js/toggle_likes.js [36m304[0m 1.417 ms - -[0m
[0mGET /js/chat_engine.js [36m304[0m 1.153 ms - -[0m
[0mGET / [36m304[0m 43.586 ms - -[0m
[0mGET /css/layout.css [36m304[0m 0.268 ms - -[0m
[0mGET /js/home_post_comments.js [36m304[0m 0.383 ms - -[0m
[0mGET /js/home_posts.js [36m304[0m 0.477 ms - -[0m
[0mGET /css/header.css [36m304[0m 0.651 ms - -[0m
[0mGET /css/footer.css [36m304[0m 0.790 ms - -[0m
[0mGET /css/home.css [36m304[0m 1.474 ms - -[0m
[0mGET /css/chat_box.css [36m304[0m 1.338 ms - -[0m
[0mGET /js/toggle_likes.js [36m304[0m 0.703 ms - -[0m
[0mGET /js/chat_engine.js [36m304[0m 0.193 ms - -[0m
[0mGET / [36m304[0m 61.908 ms - -[0m
[0mGET /js/home_post_comments.js [36m304[0m 1.574 ms - -[0m
[0mGET /js/home_posts.js [36m304[0m 1.206 ms - -[0m
[0mGET /js/toggle_likes.js [36m304[0m 0.737 ms - -[0m
[0mGET /js/chat_engine.js [36m304[0m 0.404 ms - -[0m
[0mGET / [36m304[0m 53.581 ms - -[0m
[0mGET /css/layout.css [32m200[0m 1.483 ms - 92[0m
[0mGET /css/header.css [32m200[0m 2.070 ms - 496[0m
[0mGET /js/home_post_comments.js [36m304[0m 0.855 ms - -[0m
[0mGET /css/footer.css [32m200[0m 3.113 ms - 250[0m
[0mGET /css/home.css [32m200[0m 3.265 ms - 425[0m
[0mGET /js/toggle_likes.js [36m304[0m 0.975 ms - -[0m
[0mGET /css/chat_box.css [32m200[0m 3.753 ms - 1299[0m
[0mGET /js/home_posts.js [36m304[0m 0.799 ms - -[0m
[0mGET /js/chat_engine.js [36m304[0m 0.753 ms - -[0m
[0mGET / [36m304[0m 66.190 ms - -[0m
[0mGET /js/home_post_comments.js [36m304[0m 0.809 ms - -[0m
[0mGET /js/chat_engine.js [36m304[0m 0.576 ms - -[0m
[0mGET /js/home_posts.js [36m304[0m 0.415 ms - -[0m
[0mGET /js/toggle_likes.js [36m304[0m 0.668 ms - -[0m
[0mGET / [36m304[0m 38.165 ms - -[0m
[0mGET /js/home_post_comments.js [36m304[0m 1.902 ms - -[0m
[0mGET /js/home_posts.js [36m304[0m 7.323 ms - -[0m
[0mGET /js/toggle_likes.js [36m304[0m 0.582 ms - -[0m
[0mGET /js/chat_engine.js [36m304[0m 0.505 ms - -[0m
[0mGET / [36m304[0m 52.205 ms - -[0m
[0mGET /css/layout.css [32m200[0m 4.656 ms - 92[0m
[0mGET /js/home_post_comments.js [36m304[0m 0.912 ms - -[0m
[0mGET /js/toggle_likes.js [36m304[0m 1.315 ms - -[0m
[0mGET /js/home_posts.js [36m304[0m 0.701 ms - -[0m
[0mGET /css/header.css [32m200[0m 4.457 ms - 496[0m
[0mGET /js/chat_engine.js [36m304[0m 0.493 ms - -[0m
[0mGET /css/footer.css [32m200[0m 3.140 ms - 250[0m
[0mGET /css/chat_box.css [32m200[0m 3.184 ms - 1299[0m
[0mGET /css/home.css [32m200[0m 3.089 ms - 425[0m
[0mGET / [36m304[0m 32.803 ms - -[0m
[0mGET /css/layout.css [36m304[0m 0.835 ms - -[0m
[0mGET /css/home.css [36m304[0m 1.800 ms - -[0m
[0mGET /js/home_post_comments.js [36m304[0m 0.927 ms - -[0m
[0mGET /js/toggle_likes.js [36m304[0m 0.802 ms - -[0m
[0mGET /js/home_posts.js [36m304[0m 0.590 ms - -[0m
[0mGET /css/footer.css [36m304[0m 0.745 ms - -[0m
[0mGET /css/chat_box.css [36m304[0m 0.733 ms - -[0m
[0mGET /css/header.css [36m304[0m 0.786 ms - -[0m
[0mGET /js/chat_engine.js [36m304[0m 0.987 ms - -[0m
[0mGET / [36m304[0m 25.910 ms - -[0m
[0mGET /css/layout.css [36m304[0m 0.500 ms - -[0m
[0mGET /js/home_post_comments.js [36m304[0m 0.975 ms - -[0m
[0mGET /js/home_posts.js [36m304[0m 0.766 ms - -[0m
[0mGET /css/header.css [36m304[0m 1.608 ms - -[0m
[0mGET /css/footer.css [36m304[0m 1.753 ms - -[0m
[0mGET /css/home.css [36m304[0m 1.883 ms - -[0m
[0mGET /css/chat_box.css [36m304[0m 2.023 ms - -[0m
[0mGET /js/toggle_likes.js [36m304[0m 2.581 ms - -[0m
[0mGET /js/chat_engine.js [36m304[0m 1.606 ms - -[0m
[0mGET / [36m304[0m 32.369 ms - -[0m
[0mGET /css/layout.css [36m304[0m 0.166 ms - -[0m
[0mGET /css/header.css [36m304[0m 0.372 ms - -[0m
[0mGET /js/home_post_comments.js [36m304[0m 0.484 ms - -[0m
[0mGET /js/toggle_likes.js [36m304[0m 0.502 ms - -[0m
[0mGET /js/home_posts.js [36m304[0m 0.804 ms - -[0m
[0mGET /css/footer.css [36m304[0m 0.935 ms - -[0m
[0mGET /css/home.css [36m304[0m 1.002 ms - -[0m
[0mGET /js/chat_engine.js [36m304[0m 0.917 ms - -[0m
[0mGET /css/chat_box.css [36m304[0m 0.470 ms - -[0m
[0mGET / [36m304[0m 10.023 ms - -[0m
[0mGET /css/layout.css [36m304[0m 0.117 ms - -[0m
[0mGET /css/header.css [36m304[0m 0.185 ms - -[0m
[0mGET /js/home_post_comments.js [36m304[0m 0.726 ms - -[0m
[0mGET /js/home_posts.js [36m304[0m 0.780 ms - -[0m
[0mGET /css/footer.css [36m304[0m 0.439 ms - -[0m
[0mGET /js/toggle_likes.js [36m304[0m 0.622 ms - -[0m
[0mGET /css/chat_box.css [36m304[0m 0.800 ms - -[0m
[0mGET /css/home.css [36m304[0m 0.837 ms - -[0m
[0mGET /js/chat_engine.js [36m304[0m 0.281 ms - -[0m
[0mGET / [36m304[0m 46.438 ms - -[0m
[0mGET /css/layout.css [36m304[0m 0.439 ms - -[0m
[0mGET /css/header.css [36m304[0m 0.214 ms - -[0m
[0mGET /js/home_post_comments.js [36m304[0m 0.765 ms - -[0m
[0mGET /js/home_posts.js [36m304[0m 0.772 ms - -[0m
[0mGET /js/toggle_likes.js [36m304[0m 0.724 ms - -[0m
[0mGET /css/footer.css [36m304[0m 0.320 ms - -[0m
[0mGET /css/chat_box.css [36m304[0m 0.428 ms - -[0m
[0mGET /js/chat_engine.js [36m304[0m 0.322 ms - -[0m
[0mGET /css/home.css [36m304[0m 0.295 ms - -[0m
[0mGET / [36m304[0m 41.435 ms - -[0m
[0mGET /css/layout.css [36m304[0m 0.194 ms - -[0m
[0mGET /js/home_post_comments.js [36m304[0m 0.190 ms - -[0m
[0mGET /css/header.css [36m304[0m 0.551 ms - -[0m
[0mGET /css/footer.css [36m304[0m 0.694 ms - -[0m
[0mGET /css/home.css [36m304[0m 1.121 ms - -[0m
[0mGET /css/chat_box.css [36m304[0m 1.195 ms - -[0m
[0mGET /js/home_posts.js [36m304[0m 0.435 ms - -[0m
[0mGET /js/toggle_likes.js [36m304[0m 0.498 ms - -[0m
[0mGET /js/chat_engine.js [36m304[0m 0.513 ms - -[0m
[0mGET / [36m304[0m 31.530 ms - -[0m
[0mGET /css/layout.css [36m304[0m 0.151 ms - -[0m
[0mGET /js/home_post_comments.js [36m304[0m 0.325 ms - -[0m
[0mGET /js/home_posts.js [36m304[0m 0.260 ms - -[0m
[0mGET /js/toggle_likes.js [36m304[0m 0.712 ms - -[0m
[0mGET /css/header.css [36m304[0m 0.763 ms - -[0m
[0mGET /css/home.css [36m304[0m 0.855 ms - -[0m
[0mGET /css/footer.css [36m304[0m 0.923 ms - -[0m
[0mGET /css/chat_box.css [36m304[0m 1.093 ms - -[0m
[0mGET /js/chat_engine.js [36m304[0m 0.244 ms - -[0m
[0mGET / [36m304[0m 40.923 ms - -[0m
[0mGET /css/layout.css [36m304[0m 0.499 ms - -[0m
[0mGET /css/header.css [36m304[0m 0.269 ms - -[0m
[0mGET /js/home_post_comments.js [36m304[0m 1.456 ms - -[0m
[0mGET /js/home_posts.js [36m304[0m 1.525 ms - -[0m
[0mGET /js/toggle_likes.js [36m304[0m 1.335 ms - -[0m
[0mGET /css/footer.css [36m304[0m 1.155 ms - -[0m
[0mGET /css/chat_box.css [36m304[0m 1.082 ms - -[0m
[0mGET /css/home.css [36m304[0m 0.412 ms - -[0m
[0mGET /js/chat_engine.js [36m304[0m 0.418 ms - -[0m
[0mGET / [31m500[0m 4.540 ms - 1431[0m
[0mGET / [32m200[0m 53.073 ms - 7759[0m
[0mGET /js/home_post_comments.js [36m304[0m 1.055 ms - -[0m
[0mGET /js/home_posts.js [36m304[0m 0.490 ms - -[0m
[0mGET /js/toggle_likes.js [36m304[0m 1.022 ms - -[0m
[0mGET /js/chat_engine.js [36m304[0m 0.206 ms - -[0m
[0mGET / [36m304[0m 45.149 ms - -[0m
[0mGET /css/layout.css [32m200[0m 1.378 ms - 92[0m
[0mGET /js/home_posts.js [36m304[0m 1.257 ms - -[0m
[0mGET /js/home_post_comments.js [36m304[0m 1.541 ms - -[0m
[0mGET /css/header.css [32m200[0m 3.685 ms - 496[0m
[0mGET /js/toggle_likes.js [36m304[0m 1.195 ms - -[0m
[0mGET /js/chat_engine.js [36m304[0m 0.979 ms - -[0m
[0mGET /css/footer.css [32m200[0m 3.250 ms - 250[0m
[0mGET /css/home.css [32m200[0m 3.322 ms - 425[0m
[0mGET /css/chat_box.css [32m200[0m 3.257 ms - 1299[0m
[0mGET /users/sign-in [36m304[0m 22.037 ms - -[0m
[0mGET /css/layout.css [36m304[0m 0.327 ms - -[0m
[0mGET /css/header.css [36m304[0m 0.372 ms - -[0m
[0mGET /css/footer.css [36m304[0m 0.279 ms - -[0m
[0mPOST /users/create-session [36m302[0m 10.722 ms - 72[0m
[0mGET /users/sign-in [32m200[0m 3.702 ms - 2425[0m
[0mGET /css/layout.css [36m304[0m 0.322 ms - -[0m
[0mGET /css/header.css [36m304[0m 1.004 ms - -[0m
[0mGET /css/footer.css [36m304[0m 0.216 ms - -[0m
[0mPOST /users/create-session [36m302[0m 24.977 ms - 46[0m
[0mGET / [32m200[0m 22.428 ms - 11612[0m
[0mGET /css/layout.css [36m304[0m 0.353 ms - -[0m
[0mGET /css/footer.css [36m304[0m 0.342 ms - -[0m
[0mGET /css/header.css [36m304[0m 1.597 ms - -[0m
[0mGET /js/toggle_likes.js [36m304[0m 1.124 ms - -[0m
[0mGET /js/home_post_comments.js [36m304[0m 0.768 ms - -[0m
[0mGET /js/home_posts.js [36m304[0m 0.868 ms - -[0m
[0mGET /js/chat_engine.js [36m304[0m 0.547 ms - -[0m
[0mGET /css/home.css [36m304[0m 0.622 ms - -[0m
[0mGET /css/chat_box.css [36m304[0m 0.586 ms - -[0m
[0mGET / [32m200[0m 45.618 ms - 11263[0m
[0mGET /css/layout.css [36m304[0m 0.182 ms - -[0m
[0mGET /js/home_post_comments.js [36m304[0m 0.440 ms - -[0m
[0mGET /css/footer.css [36m304[0m 0.515 ms - -[0m
[0mGET /css/header.css [36m304[0m 0.695 ms - -[0m
[0mGET /css/chat_box.css [36m304[0m 0.330 ms - -[0m
[0mGET /css/home.css [36m304[0m 0.576 ms - -[0m
[0mGET /js/toggle_likes.js [36m304[0m 0.545 ms - -[0m
[0mGET /js/chat_engine.js [36m304[0m 0.511 ms - -[0m
[0mGET /js/home_posts.js [36m304[0m 0.485 ms - -[0m
[0mGET / [36m304[0m 41.344 ms - -[0m
[0mGET /css/layout.css [36m304[0m 0.201 ms - -[0m
[0mGET /css/header.css [36m304[0m 0.307 ms - -[0m
[0mGET /css/footer.css [36m304[0m 0.538 ms - -[0m
[0mGET /js/toggle_likes.js [36m304[0m 0.479 ms - -[0m
[0mGET /js/home_post_comments.js [36m304[0m 0.380 ms - -[0m
[0mGET /js/home_posts.js [36m304[0m 0.613 ms - -[0m
[0mGET /js/chat_engine.js [36m304[0m 0.366 ms - -[0m
[0mGET /css/home.css [36m304[0m 0.165 ms - -[0m
[0mGET /css/chat_box.css [36m304[0m 0.193 ms - -[0m
[0mGET / [36m304[0m 37.753 ms - -[0m
[0mGET /css/layout.css [36m304[0m 0.307 ms - -[0m
[0mGET /css/header.css [36m304[0m 0.398 ms - -[0m
[0mGET /css/footer.css [36m304[0m 0.339 ms - -[0m
[0mGET /js/home_post_comments.js [36m304[0m 0.797 ms - -[0m
[0mGET /js/home_posts.js [36m304[0m 0.906 ms - -[0m
[0mGET /js/toggle_likes.js [36m304[0m 0.958 ms - -[0m
[0mGET /js/chat_engine.js [36m304[0m 0.258 ms - -[0m
[0mGET /css/home.css [36m304[0m 0.245 ms - -[0m
[0mGET /css/chat_box.css [36m304[0m 0.094 ms - -[0m
[0mGET / [36m304[0m 50.142 ms - -[0m
[0mGET /js/home_post_comments.js [36m304[0m 1.086 ms - -[0m
[0mGET /js/home_posts.js [36m304[0m 0.658 ms - -[0m
[0mGET /js/toggle_likes.js [36m304[0m 0.401 ms - -[0m
[0mGET /js/chat_engine.js [36m304[0m 0.211 ms - -[0m
[0mGET /users/sign-out [36m302[0m 19.750 ms - 46[0m
[0mGET / [32m200[0m 25.320 ms - 8110[0m
[0mGET /css/layout.css [32m200[0m 0.966 ms - 92[0m
[0mGET /js/home_post_comments.js [36m304[0m 0.449 ms - -[0m
[0mGET /js/home_posts.js [36m304[0m 0.410 ms - -[0m
[0mGET /css/header.css [32m200[0m 3.063 ms - 496[0m
[0mGET /js/toggle_likes.js [36m304[0m 0.461 ms - -[0m
[0mGET /js/chat_engine.js [36m304[0m 0.164 ms - -[0m
[0mGET /css/footer.css [32m200[0m 1.729 ms - 250[0m
[0mGET /css/home.css [32m200[0m 1.853 ms - 425[0m
[0mGET /css/chat_box.css [32m200[0m 1.991 ms - 1299[0m
[0mGET / [32m200[0m 41.036 ms - 7759[0m
[0mGET /css/layout.css [36m304[0m 0.251 ms - -[0m
[0mGET /css/header.css [36m304[0m 0.753 ms - -[0m
[0mGET /css/footer.css [36m304[0m 1.054 ms - -[0m
[0mGET /js/home_post_comments.js [36m304[0m 0.873 ms - -[0m
[0mGET /js/home_posts.js [36m304[0m 0.795 ms - -[0m
[0mGET /css/chat_box.css [36m304[0m 0.920 ms - -[0m
[0mGET /css/home.css [36m304[0m 0.991 ms - -[0m
[0mGET /js/toggle_likes.js [36m304[0m 0.507 ms - -[0m
[0mGET /js/chat_engine.js [36m304[0m 0.325 ms - -[0m
[0mGET / [36m304[0m 18.039 ms - -[0m
[0mGET /css/layout.css [36m304[0m 0.180 ms - -[0m
[0mGET /css/header.css [36m304[0m 0.337 ms - -[0m
[0mGET /css/chat_box.css [36m304[0m 0.467 ms - -[0m
[0mGET /css/footer.css [36m304[0m 1.723 ms - -[0m
[0mGET /js/home_post_comments.js [36m304[0m 0.706 ms - -[0m
[0mGET /js/home_posts.js [36m304[0m 0.672 ms - -[0m
[0mGET /js/toggle_likes.js [36m304[0m 0.266 ms - -[0m
[0mGET /js/chat_engine.js [36m304[0m 0.250 ms - -[0m
[0mGET /css/home.css [36m304[0m 0.099 ms - -[0m
[0mGET /css/layout.css [36m304[0m 1.622 ms - -[0m
[0mGET /css/header.css [36m304[0m 2.224 ms - -[0m
[0mGET /css/home.css [36m304[0m 2.307 ms - -[0m
[0mGET /css/footer.css [36m304[0m 0.749 ms - -[0m
[0mGET /css/chat_box.css [36m304[0m 0.561 ms - -[0m
[0mGET / [36m304[0m 34.830 ms - -[0m
[0mGET /css/layout.css [36m304[0m 0.166 ms - -[0m
[0mGET /css/header.css [36m304[0m 0.362 ms - -[0m
[0mGET /css/footer.css [36m304[0m 0.150 ms - -[0m
[0mGET /css/home.css [36m304[0m 0.141 ms - -[0m
[0mGET /js/home_post_comments.js [36m304[0m 0.301 ms - -[0m
[0mGET /js/home_posts.js [36m304[0m 0.406 ms - -[0m
[0mGET /css/chat_box.css [36m304[0m 0.225 ms - -[0m
[0mGET /js/toggle_likes.js [36m304[0m 0.106 ms - -[0m
[0mGET /js/chat_engine.js [36m304[0m 0.101 ms - -[0m
[0mGET / [36m304[0m 33.964 ms - -[0m
[0mGET /css/layout.css [36m304[0m 0.252 ms - -[0m
[0mGET /js/home_post_comments.js [36m304[0m 0.315 ms - -[0m
[0mGET /css/chat_box.css [36m304[0m 1.043 ms - -[0m
[0mGET /css/footer.css [36m304[0m 0.927 ms - -[0m
[0mGET /css/home.css [36m304[0m 0.881 ms - -[0m
[0mGET /css/header.css [36m304[0m 0.882 ms - -[0m
[0mGET /js/home_posts.js [36m304[0m 0.714 ms - -[0m
[0mGET /js/toggle_likes.js [36m304[0m 0.431 ms - -[0m
[0mGET /js/chat_engine.js [36m304[0m 0.518 ms - -[0m
[0mGET / [36m304[0m 34.622 ms - -[0m
[0mGET /css/layout.css [36m304[0m 0.321 ms - -[0m
[0mGET /css/header.css [36m304[0m 0.575 ms - -[0m
[0mGET /js/home_post_comments.js [36m304[0m 0.355 ms - -[0m
[0mGET /css/footer.css [36m304[0m 0.433 ms - -[0m
[0mGET /css/chat_box.css [36m304[0m 0.368 ms - -[0m
[0mGET /css/home.css [36m304[0m 0.221 ms - -[0m
[0mGET /js/home_posts.js [36m304[0m 0.575 ms - -[0m
[0mGET /js/toggle_likes.js [36m304[0m 0.506 ms - -[0m
[0mGET /js/chat_engine.js [36m304[0m 0.412 ms - -[0m
[0mGET / [36m304[0m 43.544 ms - -[0m
[0mGET /css/layout.css [36m304[0m 0.257 ms - -[0m
[0mGET /css/home.css [36m304[0m 0.287 ms - -[0m
[0mGET /js/home_post_comments.js [36m304[0m 0.392 ms - -[0m
[0mGET /js/home_posts.js [36m304[0m 0.555 ms - -[0m
[0mGET /js/toggle_likes.js [36m304[0m 0.500 ms - -[0m
[0mGET /css/footer.css [36m304[0m 1.138 ms - -[0m
[0mGET /css/header.css [36m304[0m 1.322 ms - -[0m
[0mGET /js/chat_engine.js [36m304[0m 1.019 ms - -[0m
[0mGET /css/chat_box.css [36m304[0m 0.363 ms - -[0m
[0mGET / [36m304[0m 34.349 ms - -[0m
[0mGET /css/layout.css [36m304[0m 0.378 ms - -[0m
[0mGET /js/home_post_comments.js [36m304[0m 0.666 ms - -[0m
[0mGET /js/home_posts.js [36m304[0m 0.604 ms - -[0m
[0mGET /css/header.css [36m304[0m 0.576 ms - -[0m
[0mGET /css/chat_box.css [36m304[0m 0.622 ms - -[0m
[0mGET /css/footer.css [36m304[0m 1.118 ms - -[0m
[0mGET /css/home.css [36m304[0m 1.160 ms - -[0m
[0mGET /js/toggle_likes.js [36m304[0m 0.749 ms - -[0m
[0mGET /js/chat_engine.js [36m304[0m 0.702 ms - -[0m
[0mGET / [36m304[0m 70.782 ms - -[0m
[0mGET /js/home_post_comments.js [36m304[0m 0.981 ms - -[0m
[0mGET /js/home_posts.js [36m304[0m 0.995 ms - -[0m
[0mGET /js/toggle_likes.js [36m304[0m 0.731 ms - -[0m
[0mGET /js/chat_engine.js [36m304[0m 0.227 ms - -[0m
[0mGET / [36m304[0m 43.909 ms - -[0m
[0mGET /js/home_post_comments.js [36m304[0m 1.209 ms - -[0m
[0mGET /js/home_posts.js [36m304[0m 1.738 ms - -[0m
[0mGET /css/layout.css [32m200[0m 7.034 ms - 92[0m
[0mGET /css/header.css [32m200[0m 5.130 ms - 496[0m
[0mGET /css/footer.css [32m200[0m 4.969 ms - 250[0m
[0mGET /css/home.css [32m200[0m 5.104 ms - 425[0m
[0mGET /css/chat_box.css [32m200[0m 5.270 ms - 1299[0m
[0mGET /js/toggle_likes.js [36m304[0m 0.662 ms - -[0m
[0mGET /js/chat_engine.js [36m304[0m 0.567 ms - -[0m
[0mGET / [36m304[0m 41.674 ms - -[0m
[0mGET /css/layout.css [36m304[0m 0.357 ms - -[0m
[0mGET /js/home_post_comments.js [36m304[0m 1.169 ms - -[0m
[0mGET /js/home_posts.js [36m304[0m 1.275 ms - -[0m
[0mGET /css/footer.css [36m304[0m 1.647 ms - -[0m
[0mGET /css/home.css [36m304[0m 0.922 ms - -[0m
[0mGET /css/header.css [36m304[0m 0.747 ms - -[0m
[0mGET /css/chat_box.css [36m304[0m 0.691 ms - -[0m
[0mGET /js/toggle_likes.js [36m304[0m 0.642 ms - -[0m
[0mGET /js/chat_engine.js [36m304[0m 0.623 ms - -[0m
[0mGET /users/sign-in [32m200[0m 11.004 ms - 2164[0m
[0mGET /css/layout.css [36m304[0m 0.289 ms - -[0m
[0mGET /css/header.css [36m304[0m 1.760 ms - -[0m
[0mGET /css/footer.css [36m304[0m 0.928 ms - -[0m
[0mPOST /users/create-session [36m302[0m 9.597 ms - 46[0m
[0mGET / [32m200[0m 21.595 ms - 11612[0m
[0mGET /css/layout.css [36m304[0m 0.284 ms - -[0m
[0mGET /css/header.css [36m304[0m 0.356 ms - -[0m
[0mGET /css/footer.css [36m304[0m 0.144 ms - -[0m
[0mGET /js/home_post_comments.js [36m304[0m 0.438 ms - -[0m
[0mGET /js/home_posts.js [36m304[0m 0.486 ms - -[0m
[0mGET /js/toggle_likes.js [36m304[0m 0.840 ms - -[0m
[0mGET /js/chat_engine.js [36m304[0m 0.518 ms - -[0m
[0mGET /css/home.css [36m304[0m 0.188 ms - -[0m
[0mGET /css/chat_box.css [36m304[0m 0.208 ms - -[0m
[0mGET / [32m200[0m 40.715 ms - 11263[0m
[0mGET /css/layout.css [36m304[0m 0.406 ms - -[0m
[0mGET /css/header.css [36m304[0m 0.251 ms - -[0m
[0mGET /css/footer.css [36m304[0m 0.650 ms - -[0m
[0mGET /js/toggle_likes.js [36m304[0m 0.467 ms - -[0m
[0mGET /js/home_post_comments.js [36m304[0m 0.459 ms - -[0m
[0mGET /js/home_posts.js [36m304[0m 0.423 ms - -[0m
[0mGET /js/chat_engine.js [36m304[0m 0.197 ms - -[0m
[0mGET /css/home.css [36m304[0m 0.275 ms - -[0m
[0mGET /css/chat_box.css [36m304[0m 0.187 ms - -[0m
[0mGET / [36m304[0m 40.812 ms - -[0m
[0mGET /css/layout.css [36m304[0m 0.263 ms - -[0m
[0mGET /css/header.css [36m304[0m 0.520 ms - -[0m
[0mGET /css/footer.css [36m304[0m 0.425 ms - -[0m
[0mGET /js/home_post_comments.js [36m304[0m 0.457 ms - -[0m
[0mGET /css/home.css [36m304[0m 0.881 ms - -[0m
[0mGET /css/chat_box.css [36m304[0m 0.895 ms - -[0m
[0mGET /js/home_posts.js [36m304[0m 0.670 ms - -[0m
[0mGET /js/toggle_likes.js [36m304[0m 0.623 ms - -[0m
[0mGET /js/chat_engine.js [36m304[0m 0.596 ms - -[0m
[0mGET /css/layout.css [36m304[0m 0.275 ms - -[0m
[0mGET /css/header.css [36m304[0m 0.618 ms - -[0m
[0mGET /css/footer.css [36m304[0m 0.916 ms - -[0m
[0mGET /css/home.css [36m304[0m 0.957 ms - -[0m
[0mGET /css/chat_box.css [36m304[0m 1.008 ms - -[0m
[0mGET / [32m200[0m 33.713 ms - 7759[0m
[0mGET /css/layout.css [36m304[0m 0.162 ms - -[0m
[0mGET /js/home_post_comments.js [36m304[0m 0.415 ms - -[0m
[0mGET /js/home_posts.js [36m304[0m 0.610 ms - -[0m
[0mGET /css/header.css [36m304[0m 0.718 ms - -[0m
[0mGET /css/home.css [36m304[0m 0.782 ms - -[0m
[0mGET /css/footer.css [36m304[0m 0.302 ms - -[0m
[0mGET /css/chat_box.css [36m304[0m 0.529 ms - -[0m
[0mGET /js/toggle_likes.js [36m304[0m 0.144 ms - -[0m
[0mGET /js/chat_engine.js [36m304[0m 0.164 ms - -[0m
[0mGET /users/sign-in [36m304[0m 9.199 ms - -[0m
[0mGET /css/layout.css [36m304[0m 0.341 ms - -[0m
[0mGET /css/header.css [36m304[0m 0.492 ms - -[0m
[0mGET /css/footer.css [36m304[0m 0.632 ms - -[0m
[0mPOST /users/create-session [36m302[0m 14.451 ms - 46[0m
[0mGET / [32m200[0m 31.152 ms - 11612[0m
[0mGET /css/layout.css [36m304[0m 0.169 ms - -[0m
[0mGET /css/header.css [36m304[0m 0.256 ms - -[0m
[0mGET /css/footer.css [36m304[0m 0.278 ms - -[0m
[0mGET /css/home.css [36m304[0m 0.135 ms - -[0m
[0mGET /js/home_post_comments.js [36m304[0m 0.367 ms - -[0m
[0mGET /js/home_posts.js [36m304[0m 0.591 ms - -[0m
[0mGET /js/toggle_likes.js [36m304[0m 0.404 ms - -[0m
[0mGET /css/chat_box.css [36m304[0m 0.403 ms - -[0m
[0mGET /js/chat_engine.js [36m304[0m 0.270 ms - -[0m
[0mGET / [32m200[0m 62.353 ms - 7759[0m
[0mGET /js/home_posts.js [36m304[0m 0.849 ms - -[0m
[0mGET /js/home_post_comments.js [36m304[0m 0.886 ms - -[0m
[0mGET /js/toggle_likes.js [36m304[0m 0.946 ms - -[0m
[0mGET /js/chat_engine.js [36m304[0m 0.365 ms - -[0m
[0mGET /favicon.ico [33m404[0m 5.456 ms - 150[0m
[0mGET /users/sign-in [36m304[0m 13.727 ms - -[0m
[0mGET /css/layout.css [32m200[0m 2.572 ms - 92[0m
[0mGET /css/header.css [32m200[0m 1.436 ms - 496[0m
[0mGET /css/footer.css [32m200[0m 1.926 ms - 250[0m
[0mGET /users/auth/google [36m302[0m 8.856 ms - 0[0m
[0mGET /users/auth/google/callback?code=4/0AbUR2VOdF9utw21Qds98iV3QPu-sUCpH2SnDV2k8V7cUWWz9tnRIdzD1554dB3FV3eB4ZQ&scope=email%20profile%20https://www.googleapis.com/auth/userinfo.profile%20https://www.googleapis.com/auth/userinfo.email%20openid&authuser=0&hd=rice.edu&prompt=consent [31m500[0m 222.624 ms - 1237[0m
[0mGET /users/sign-in [36m304[0m 5.990 ms - -[0m
[0mGET /css/layout.css [36m304[0m 5.278 ms - -[0m
[0mGET /css/header.css [36m304[0m 0.966 ms - -[0m
[0mGET /css/footer.css [36m304[0m 0.898 ms - -[0m
[0mPOST /users/create-session [36m302[0m 23.468 ms - 72[0m
[0mGET /users/sign-in [32m200[0m 9.548 ms - 2425[0m
[0mPOST /users/create-session [36m302[0m 20.703 ms - 46[0m
[0mGET / [32m200[0m 39.611 ms - 11612[0m
[0mGET /css/layout.css [32m200[0m 1.296 ms - 92[0m
[0mGET /js/home_post_comments.js [36m304[0m 0.713 ms - -[0m
[0mGET /js/home_posts.js [36m304[0m 0.369 ms - -[0m
[0mGET /js/toggle_likes.js [36m304[0m 0.496 ms - -[0m
[0mGET /js/chat_engine.js [36m304[0m 0.684 ms - -[0m
[0mGET /css/header.css [32m200[0m 1.418 ms - 496[0m
[0mGET /css/footer.css [32m200[0m 0.978 ms - 250[0m
[0mGET / [32m200[0m 45.938 ms - 11263[0m
[0mGET /css/layout.css [36m304[0m 0.345 ms - -[0m
[0mGET /css/home.css [32m200[0m 0.798 ms - 425[0m
[0mGET /css/chat_box.css [32m200[0m 1.359 ms - 1299[0m
[0mGET /css/header.css [36m304[0m 0.561 ms - -[0m
[0mGET /css/footer.css [36m304[0m 1.354 ms - -[0m
[0mGET /js/home_post_comments.js [36m304[0m 1.174 ms - -[0m
[0mGET /js/home_posts.js [36m304[0m 0.915 ms - -[0m
[0mGET /js/toggle_likes.js [36m304[0m 0.948 ms - -[0m
[0mGET /js/chat_engine.js [36m304[0m 0.918 ms - -[0m
[0mGET / [36m304[0m 65.182 ms - -[0m
[0mGET /js/home_post_comments.js [36m304[0m 0.829 ms - -[0m
[0mGET /js/home_posts.js [36m304[0m 0.686 ms - -[0m
[0mGET /js/toggle_likes.js [36m304[0m 0.483 ms - -[0m
[0mGET /js/chat_engine.js [36m304[0m 0.383 ms - -[0m
[0mGET / [36m304[0m 54.806 ms - -[0m
[0mGET /css/layout.css [32m200[0m 1.102 ms - 92[0m
[0mGET /css/header.css [32m200[0m 0.670 ms - 496[0m
[0mGET /js/home_post_comments.js [36m304[0m 0.441 ms - -[0m
[0mGET /js/toggle_likes.js [36m304[0m 0.691 ms - -[0m
[0mGET /js/home_posts.js [36m304[0m 0.641 ms - -[0m
[0mGET /js/chat_engine.js [36m304[0m 0.672 ms - -[0m
[0mGET /css/footer.css [32m200[0m 1.111 ms - 250[0m
[0mGET /css/home.css [32m200[0m 1.285 ms - 425[0m
[0mGET /css/chat_box.css [32m200[0m 1.291 ms - 1299[0m
[0mGET / [36m304[0m 58.565 ms - -[0m
[0mGET /css/layout.css [36m304[0m 0.294 ms - -[0m
[0mGET /css/header.css [36m304[0m 0.472 ms - -[0m
[0mGET /css/footer.css [36m304[0m 1.006 ms - -[0m
[0mGET /js/home_post_comments.js [36m304[0m 0.398 ms - -[0m
[0mGET /js/home_posts.js [36m304[0m 1.118 ms - -[0m
[0mGET /js/toggle_likes.js [36m304[0m 0.868 ms - -[0m
[0mGET /js/chat_engine.js [36m304[0m 1.011 ms - -[0m
[0mGET /css/home.css [36m304[0m 0.797 ms - -[0m
[0mGET /css/chat_box.css [36m304[0m 1.008 ms - -[0m
[0mGET /users/profile/63001477f91b53ac43935fb1 [32m200[0m 25.879 ms - 2137[0m
[0mGET /css/layout.css [36m304[0m 0.157 ms - -[0m
[0mGET /css/header.css [36m304[0m 1.111 ms - -[0m
[0mGET /css/footer.css [36m304[0m 1.098 ms - -[0m
[0mGET /users/profile/js/friends.js') [33m404[0m 14.170 ms - 172[0m
[0mGET / [36m304[0m 56.356 ms - -[0m
[0mGET /js/home_post_comments.js [36m304[0m 0.989 ms - -[0m
[0mGET /js/home_posts.js [36m304[0m 0.285 ms - -[0m
[0mGET /js/toggle_likes.js [36m304[0m 1.206 ms - -[0m
[0mGET /js/chat_engine.js [36m304[0m 1.024 ms - -[0m
[0mGET /users/profile/63001477f91b53ac43935fb1 [36m304[0m 23.658 ms - -[0m
[0mGET /css/layout.css [32m200[0m 1.016 ms - 92[0m
[0mGET /css/header.css [32m200[0m 1.011 ms - 496[0m
[0mGET /css/footer.css [32m200[0m 0.344 ms - 250[0m
[0mGET /users/profile/js/friends.js') [33m404[0m 4.729 ms - 172[0m
[0mGET / [36m304[0m 54.554 ms - -[0m
[0mGET /js/home_posts.js [36m304[0m 0.936 ms - -[0m
[0mGET /js/home_post_comments.js [36m304[0m 0.934 ms - -[0m
[0mGET /js/toggle_likes.js [36m304[0m 0.465 ms - -[0m
[0mGET /js/chat_engine.js [36m304[0m 0.233 ms - -[0m
[0mGET /users/profile/63001477f91b53ac43935fb1 [36m304[0m 19.172 ms - -[0m
[0mGET /css/layout.css [32m200[0m 1.034 ms - 92[0m
[0mGET /css/header.css [32m200[0m 0.842 ms - 496[0m
[0mGET /css/footer.css [32m200[0m 1.810 ms - 250[0m
[0mGET /users/profile/js/friends.js') [33m404[0m 4.086 ms - 172[0m
[0mGET / [36m304[0m 55.884 ms - -[0m
[0mGET /js/home_post_comments.js [36m304[0m 0.789 ms - -[0m
[0mGET /js/home_posts.js [36m304[0m 0.327 ms - -[0m
[0mGET /js/toggle_likes.js [36m304[0m 0.214 ms - -[0m
[0mGET /js/chat_engine.js [36m304[0m 0.258 ms - -[0m
[0mGET /users/profile/63001477f91b53ac43935fb1 [36m304[0m 8.317 ms - -[0m
[0mGET /css/layout.css [32m200[0m 0.908 ms - 92[0m
[0mGET /css/footer.css [32m200[0m 1.174 ms - 250[0m
[0mGET /css/header.css [32m200[0m 1.402 ms - 496[0m
[0mGET /users/profile/js/friends.js') [33m404[0m 4.748 ms - 172[0m
[0mGET / [36m304[0m 58.880 ms - -[0m
[0mGET /js/home_post_comments.js [36m304[0m 1.256 ms - -[0m
[0mGET /js/home_posts.js [36m304[0m 1.067 ms - -[0m
[0mGET /js/toggle_likes.js [36m304[0m 0.573 ms - -[0m
[0mGET /js/chat_engine.js [36m304[0m 0.388 ms - -[0m
[0mGET /users/profile/63001477f91b53ac43935fb1 [36m304[0m 17.588 ms - -[0m
[0mGET /css/layout.css [32m200[0m 2.495 ms - 92[0m
[0mGET /css/header.css [32m200[0m 0.671 ms - 496[0m
[0mGET /css/footer.css [32m200[0m 0.818 ms - 250[0m
[0mGET /users/profile/js/friends.js') [33m404[0m 5.187 ms - 172[0m
[0mGET /users/profile/63001477f91b53ac43935fb1 [36m304[0m 51.184 ms - -[0m
[0mGET /users/profile/js/friends.js') [33m404[0m 7.685 ms - 172[0m
[0mGET / [36m304[0m 41.296 ms - -[0m
[0mGET /css/layout.css [32m200[0m 1.225 ms - 92[0m
[0mGET /js/home_post_comments.js [36m304[0m 0.494 ms - -[0m
[0mGET /js/home_posts.js [36m304[0m 0.584 ms - -[0m
[0mGET /css/header.css [32m200[0m 1.789 ms - 496[0m
[0mGET /js/toggle_likes.js [36m304[0m 0.435 ms - -[0m
[0mGET /css/footer.css [32m200[0m 1.577 ms - 250[0m
[0mGET /js/chat_engine.js [36m304[0m 1.260 ms - -[0m
[0mGET / [36m304[0m 41.715 ms - -[0m
[0mGET /css/layout.css [36m304[0m 0.225 ms - -[0m
[0mGET /css/home.css [32m200[0m 1.084 ms - 425[0m
[0mGET /css/chat_box.css [32m200[0m 1.381 ms - 1299[0m
[0mGET /js/home_post_comments.js [36m304[0m 0.419 ms - -[0m
[0mGET /css/header.css [36m304[0m 1.252 ms - -[0m
[0mGET /css/footer.css [36m304[0m 1.345 ms - -[0m
[0mGET /js/home_posts.js [36m304[0m 1.006 ms - -[0m
[0mGET /js/toggle_likes.js [36m304[0m 1.115 ms - -[0m
[0mGET /js/chat_engine.js [36m304[0m 1.124 ms - -[0m
[0mGET / [36m304[0m 76.066 ms - -[0m
[0mGET /js/home_post_comments.js [36m304[0m 1.503 ms - -[0m
[0mGET /js/home_posts.js [36m304[0m 1.554 ms - -[0m
[0mGET /js/toggle_likes.js [36m304[0m 0.566 ms - -[0m
[0mGET /js/chat_engine.js [36m304[0m 0.428 ms - -[0m
[0mGET / [36m304[0m 51.257 ms - -[0m
[0mGET /js/home_post_comments.js [36m304[0m 1.379 ms - -[0m
[0mGET /js/home_posts.js [36m304[0m 0.777 ms - -[0m
[0mGET /js/toggle_likes.js [36m304[0m 0.472 ms - -[0m
[0mGET /js/chat_engine.js [36m304[0m 0.351 ms - -[0m
[0mGET / [36m304[0m 64.648 ms - -[0m
[0mGET /js/home_post_comments.js [36m304[0m 1.633 ms - -[0m
[0mGET /js/home_posts.js [36m304[0m 0.339 ms - -[0m
[0mGET /js/toggle_likes.js [36m304[0m 0.517 ms - -[0m
[0mGET /js/chat_engine.js [36m304[0m 0.204 ms - -[0m
[0mGET / [36m304[0m 55.606 ms - -[0m
[0mGET /js/home_post_comments.js [36m304[0m 1.072 ms - -[0m
[0mGET /js/home_posts.js [36m304[0m 0.390 ms - -[0m
[0mGET /js/toggle_likes.js [36m304[0m 0.267 ms - -[0m
[0mGET /js/chat_engine.js [36m304[0m 0.362 ms - -[0m
[0mGET / [36m304[0m 68.254 ms - -[0m
[0mGET /js/home_post_comments.js [36m304[0m 0.895 ms - -[0m
[0mGET /js/home_posts.js [36m304[0m 0.323 ms - -[0m
[0mGET /js/toggle_likes.js [36m304[0m 0.375 ms - -[0m
[0mGET /js/chat_engine.js [36m304[0m 0.366 ms - -[0m
[0mGET / [32m200[0m 61.298 ms - 7759[0m
[0mGET /js/home_post_comments.js [36m304[0m 1.066 ms - -[0m
[0mGET /js/home_posts.js [36m304[0m 0.431 ms - -[0m
[0mGET /js/toggle_likes.js [36m304[0m 1.026 ms - -[0m
[0mGET /js/chat_engine.js [36m304[0m 0.840 ms - -[0m
[0mGET /users/sign-in [32m200[0m 13.125 ms - 2164[0m
[0mGET /css/layout.css [32m200[0m 2.593 ms - 92[0m
[0mGET /css/header.css [32m200[0m 1.283 ms - 496[0m
[0mGET /css/footer.css [32m200[0m 1.866 ms - 250[0m
[0mPOST /users/create-session [36m302[0m 10.600 ms - 46[0m
[0mGET / [32m200[0m 27.522 ms - 11612[0m
[0mGET /css/layout.css [36m304[0m 0.327 ms - -[0m
[0mGET /css/home.css [32m200[0m 2.527 ms - 425[0m
[0mGET /js/home_post_comments.js [36m304[0m 0.920 ms - -[0m
[0mGET /js/home_posts.js [36m304[0m 0.871 ms - -[0m
[0mGET /css/chat_box.css [32m200[0m 2.813 ms - 1299[0m
[0mGET /css/header.css [36m304[0m 0.336 ms - -[0m
[0mGET /js/toggle_likes.js [36m304[0m 0.928 ms - -[0m
[0mGET /css/footer.css [36m304[0m 0.557 ms - -[0m
[0mGET /js/chat_engine.js [36m304[0m 0.326 ms - -[0m
